execve("/bin/date", ["date"], [/* 33 vars */]) = 0
brk(NULL)                               = 0x9242000
access("/etc/ld.so.nohwcap", F_OK)      = -1 ENOENT (No such file or directory)
mmap2(NULL, 8192, PROT_READ|PROT_WRITE, MAP_PRIVATE|MAP_ANONYMOUS, -1, 0) = 0xb778d000
access("/etc/ld.so.preload", R_OK)      = -1 ENOENT (No such file or directory)
open("/etc/ld.so.cache", O_RDONLY|O_CLOEXEC) = -1 ENOENT (No such file or directory)
open("/lib/i386-linux-gnu/tls/i686/sse2/cmov/librt.so.1", O_RDONLY|O_CLOEXEC) = -1 ENOENT (No such file or directory)
stat64("/lib/i386-linux-gnu/tls/i686/sse2/cmov", 0xbfc97690) = -1 ENOENT (No such file or directory)
open("/lib/i386-linux-gnu/tls/i686/sse2/librt.so.1", O_RDONLY|O_CLOEXEC) = -1 ENOENT (No such file or directory)
stat64("/lib/i386-linux-gnu/tls/i686/sse2", 0xbfc97690) = -1 ENOENT (No such file or directory)
open("/lib/i386-linux-gnu/tls/i686/cmov/librt.so.1", O_RDONLY|O_CLOEXEC) = -1 ENOENT (No such file or directory)
stat64("/lib/i386-linux-gnu/tls/i686/cmov", 0xbfc97690) = -1 ENOENT (No such file or directory)
open("/lib/i386-linux-gnu/tls/i686/librt.so.1", O_RDONLY|O_CLOEXEC) = -1 ENOENT (No such file or directory)
stat64("/lib/i386-linux-gnu/tls/i686", 0xbfc97690) = -1 ENOENT (No such file or directory)
open("/lib/i386-linux-gnu/tls/sse2/cmov/librt.so.1", O_RDONLY|O_CLOEXEC) = -1 ENOENT (No such file or directory)
stat64("/lib/i386-linux-gnu/tls/sse2/cmov", 0xbfc97690) = -1 ENOENT (No such file or directory)
open("/lib/i386-linux-gnu/tls/sse2/librt.so.1", O_RDONLY|O_CLOEXEC) = -1 ENOENT (No such file or directory)
stat64("/lib/i386-linux-gnu/tls/sse2", 0xbfc97690) = -1 ENOENT (No such file or directory)
open("/lib/i386-linux-gnu/tls/cmov/librt.so.1", O_RDONLY|O_CLOEXEC) = -1 ENOENT (No such file or directory)
stat64("/lib/i386-linux-gnu/tls/cmov", 0xbfc97690) = -1 ENOENT (No such file or directory)
open("/lib/i386-linux-gnu/tls/librt.so.1", O_RDONLY|O_CLOEXEC) = -1 ENOENT (No such file or directory)
stat64("/lib/i386-linux-gnu/tls", 0xbfc97690) = -1 ENOENT (No such file or directory)
open("/lib/i386-linux-gnu/i686/sse2/cmov/librt.so.1", O_RDONLY|O_CLOEXEC) = -1 ENOENT (No such file or directory)
stat64("/lib/i386-linux-gnu/i686/sse2/cmov", 0xbfc97690) = -1 ENOENT (No such file or directory)
open("/lib/i386-linux-gnu/i686/sse2/librt.so.1", O_RDONLY|O_CLOEXEC) = -1 ENOENT (No such file or directory)
stat64("/lib/i386-linux-gnu/i686/sse2", 0xbfc97690) = -1 ENOENT (No such file or directory)
open("/lib/i386-linux-gnu/i686/cmov/librt.so.1", O_RDONLY|O_CLOEXEC) = -1 ENOENT (No such file or directory)
stat64("/lib/i386-linux-gnu/i686/cmov", 0xbfc97690) = -1 ENOENT (No such file or directory)
open("/lib/i386-linux-gnu/i686/librt.so.1", O_RDONLY|O_CLOEXEC) = -1 ENOENT (No such file or directory)
stat64("/lib/i386-linux-gnu/i686", 0xbfc97690) = -1 ENOENT (No such file or directory)
open("/lib/i386-linux-gnu/sse2/cmov/librt.so.1", O_RDONLY|O_CLOEXEC) = -1 ENOENT (No such file or directory)
stat64("/lib/i386-linux-gnu/sse2/cmov", 0xbfc97690) = -1 ENOENT (No such file or directory)
open("/lib/i386-linux-gnu/sse2/librt.so.1", O_RDONLY|O_CLOEXEC) = -1 ENOENT (No such file or directory)
stat64("/lib/i386-linux-gnu/sse2", 0xbfc97690) = -1 ENOENT (No such file or directory)
open("/lib/i386-linux-gnu/cmov/librt.so.1", O_RDONLY|O_CLOEXEC) = -1 ENOENT (No such file or directory)
stat64("/lib/i386-linux-gnu/cmov", 0xbfc97690) = -1 ENOENT (No such file or directory)
open("/lib/i386-linux-gnu/librt.so.1", O_RDONLY|O_CLOEXEC) = 3
read(3, "\177ELF\1\1\1\3\0\0\0\0\0\0\0\0\3\0\3\0\1\0\0\0\260\31\0\0004\0\0\0"..., 512) = 512
fstat64(3, {st_mode=S_IFREG|0644, st_size=30876, ...}) = 0
mmap2(NULL, 33348, PROT_READ|PROT_EXEC, MAP_PRIVATE|MAP_DENYWRITE, 3, 0) = 0xb7784000
mmap2(0xb778b000, 8192, PROT_READ|PROT_WRITE, MAP_PRIVATE|MAP_FIXED|MAP_DENYWRITE, 3, 0x6000) = 0xb778b000
close(3)                                = 0
open("/lib/i386-linux-gnu/libc.so.6", O_RDONLY|O_CLOEXEC) = 3
read(3, "\177ELF\1\1\1\0\0\0\0\0\0\0\0\0\3\0\3\0\1\0\0\0\200\230\1\0004\0\0\0"..., 512) = 512
fstat64(3, {st_mode=S_IFREG|0755, st_size=1511824, ...}) = 0
mmap2(NULL, 1513980, PROT_READ|PROT_EXEC, MAP_PRIVATE|MAP_DENYWRITE, 3, 0) = 0xb7612000
mmap2(0xb777e000, 12288, PROT_READ|PROT_WRITE, MAP_PRIVATE|MAP_FIXED|MAP_DENYWRITE, 3, 0x16c000) = 0xb777e000
mmap2(0xb7781000, 10748, PROT_READ|PROT_WRITE, MAP_PRIVATE|MAP_FIXED|MAP_ANONYMOUS, -1, 0) = 0xb7781000
close(3)                                = 0
open("/lib/i386-linux-gnu/libpthread.so.0", O_RDONLY|O_CLOEXEC) = 3
read(3, "\177ELF\1\1\1\0\0\0\0\0\0\0\0\0\3\0\3\0\1\0\0\0\300\\\0\0004\0\0\0"..., 512) = 512
fstat64(3, {st_mode=S_IFREG|0755, st_size=129180, ...}) = 0
mmap2(NULL, 4096, PROT_READ|PROT_WRITE, MAP_PRIVATE|MAP_ANONYMOUS, -1, 0) = 0xb7611000
mmap2(NULL, 107180, PROT_READ|PROT_EXEC, MAP_PRIVATE|MAP_DENYWRITE, 3, 0) = 0xb75f6000
mmap2(0xb760d000, 8192, PROT_READ|PROT_WRITE, MAP_PRIVATE|MAP_FIXED|MAP_DENYWRITE, 3, 0x16000) = 0xb760d000
mmap2(0xb760f000, 4780, PROT_READ|PROT_WRITE, MAP_PRIVATE|MAP_FIXED|MAP_ANONYMOUS, -1, 0) = 0xb760f000
close(3)                                = 0
mmap2(NULL, 4096, PROT_READ|PROT_WRITE, MAP_PRIVATE|MAP_ANONYMOUS, -1, 0) = 0xb75f5000
set_thread_area({entry_number:-1, base_addr:0xb75f5700, limit:1048575, seg_32bit:1, contents:0, read_exec_only:0, limit_in_pages:1, seg_not_present:0, useable:1}) = 0 (entry_number:6)
mprotect(0xb777e000, 8192, PROT_READ)   = 0
mprotect(0xb760d000, 4096, PROT_READ)   = 0
mprotect(0xb778b000, 4096, PROT_READ)   = 0
mprotect(0xb77af000, 4096, PROT_READ)   = 0
set_tid_address(0xb75f5768)             = 2269
set_robust_list(0xb75f5770, 12)         = 0
rt_sigaction(SIGRTMIN, {0xb75fb780, [], SA_SIGINFO}, NULL, 8) = 0
rt_sigaction(SIGRT_1, {0xb75fb800, [], SA_RESTART|SA_SIGINFO}, NULL, 8) = 0
rt_sigprocmask(SIG_UNBLOCK, [RTMIN RT_1], NULL, 8) = 0
ugetrlimit(RLIMIT_STACK, {rlim_cur=8192*1024, rlim_max=RLIM_INFINITY}) = 0
uname({sysname="Linux", nodename="localhost", ...}) = 0
brk(NULL)                               = 0x9242000
brk(0x9263000)                          = 0x9263000
open("/usr/lib/locale/locale-archive", O_RDONLY|O_LARGEFILE|O_CLOEXEC) = 3
fstat64(3, {st_mode=S_IFREG|0644, st_size=2855152, ...}) = 0
mmap2(NULL, 2097152, PROT_READ, MAP_PRIVATE, 3, 0) = 0xb73f5000
mmap2(NULL, 1253376, PROT_READ, MAP_PRIVATE, 3, 0x188000) = 0xb72c3000
close(3)                                = 0
clock_gettime(CLOCK_REALTIME, {1475542317, 214235462}) = 0
open("/etc/localtime", O_RDONLY|O_CLOEXEC) = 3
fstat64(3, {st_mode=S_IFREG|0644, st_size=118, ...}) = 0
fstat64(3, {st_mode=S_IFREG|0644, st_size=118, ...}) = 0
mmap2(NULL, 4096, PROT_READ|PROT_WRITE, MAP_PRIVATE|MAP_ANONYMOUS, -1, 0) = 0xb72c2000
read(3, "TZif2\0\0\0\0\0\0\0\0\0\0\0\0\0\0\0\0\0\0\1\0\0\0\1\0\0\0\0"..., 4096) = 118
_llseek(3, -6, [112], SEEK_CUR)         = 0
read(3, "\nUTC0\n", 4096)               = 6
close(3)                                = 0
munmap(0xb72c2000, 4096)                = 0
fstat64(1, {st_mode=S_IFCHR|0620, st_rdev=makedev(136, 0), ...}) = 0
mmap2(NULL, 4096, PROT_READ|PROT_WRITE, MAP_PRIVATE|MAP_ANONYMOUS, -1, 0) = 0xb72c2000
write(1, "\320\222\321\202 \320\276\320\272\321\202  4 00:51:57 UTC 2016"..., 33) = 33
close(1)                                = 0
munmap(0xb72c2000, 4096)                = 0
close(2)                                = 0
exit_group(0)                           = ?
+++ exited with 0 +++
